<?xml version="1.0" encoding="UTF-8"?>
<testResults version="1.2">
<sample t="1" it="0" lt="0" ct="1" ts="1589836670852" s="false" lb="Check table &quot;Example_info&quot; for data existing " rc="null 0" rm="java.sql.SQLException: Cannot load JDBC driver class &apos;org.sqlite.JDBC&apos;" tn="Tests 1-1" dt="text" de="UTF-8" by="47" sby="0" sc="1" ec="1" ng="1" na="1" hn="EPBYMINW9414">
  <assertionResult>
    <name>Response Assertion</name>
    <failure>true</failure>
    <error>false</error>
    <failureMessage>Response was null</failureMessage>
  </assertionResult>
  <responseHeader class="java.lang.String"></responseHeader>
  <requestHeader class="java.lang.String"></requestHeader>
  <responseData class="java.lang.String">Cannot load JDBC driver class &apos;org.sqlite.JDBC&apos;</responseData>
  <responseFile class="java.lang.String"></responseFile>
  <samplerData class="java.lang.String">[Select Statement] Select count(*) From &quot;Example_info&quot;

</samplerData>
</sample>

<sample t="4" it="0" lt="4" ct="2" ts="1589881061538" s="true" lb="Check table &quot;Example_info&quot; for data existing " rc="200" rm="OK" tn="Tests 1-1" dt="text" de="UTF-8" by="15" sby="0" sc="1" ec="0" ng="1" na="1" hn="EPBYMINW9414">
  <assertionResult>
    <name>Response Assertion</name>
    <failure>false</failure>
    <error>false</error>
  </assertionResult>
  <responseHeader class="java.lang.String">shared:false, driver:org.sqlite.JDBC, url:jdbc:sqlite:/PycharmProjects/read_files/library.db, user:null</responseHeader>
  <requestHeader class="java.lang.String"></requestHeader>
  <responseData class="java.lang.String">count(*)
62547
</responseData>
  <responseFile class="java.lang.String"></responseFile>
  <samplerData class="java.lang.String">[Select Statement] Select count(*) From &quot;Example_info&quot;

</samplerData>
</sample>

<sample t="3" it="0" lt="3" ct="2" ts="1589885474554" s="true" lb="Check table &quot;Example_info&quot; for data existing " rc="200" rm="OK" tn="Tests 1-1" dt="text" de="UTF-8" by="15" sby="0" sc="1" ec="0" ng="1" na="1" hn="EPBYMINW9414">
  <assertionResult>
    <name>Response Assertion</name>
    <failure>false</failure>
    <error>false</error>
  </assertionResult>
  <responseHeader class="java.lang.String">shared:false, driver:org.sqlite.JDBC, url:jdbc:sqlite:/PycharmProjects/read_files/library.db, user:null</responseHeader>
  <requestHeader class="java.lang.String"></requestHeader>
  <responseData class="java.lang.String">count(*)
62547
</responseData>
  <responseFile class="java.lang.String"></responseFile>
  <samplerData class="java.lang.String">[Select Statement] Select count(*) From &quot;Example_info&quot;

</samplerData>
</sample>

<sample t="116" it="0" lt="116" ct="112" ts="1589885590534" s="true" lb="Check table &quot;Example_info&quot; for data existing " rc="200" rm="OK" tn="Tests 1-1" dt="text" de="UTF-8" by="15" sby="0" sc="1" ec="0" ng="1" na="1" hn="EPBYMINW9414">
  <assertionResult>
    <name>Response Assertion</name>
    <failure>false</failure>
    <error>false</error>
  </assertionResult>
  <responseHeader class="java.lang.String">shared:false, driver:org.sqlite.JDBC, url:jdbc:sqlite:/PycharmProjects/read_files/library.db, user:null</responseHeader>
  <requestHeader class="java.lang.String"></requestHeader>
  <responseData class="java.lang.String">count(*)
62547
</responseData>
  <responseFile class="java.lang.String"></responseFile>
  <samplerData class="java.lang.String">[Select Statement] Select count(*) From &quot;Example_info&quot;

</samplerData>
</sample>

<sample t="4" it="0" lt="4" ct="2" ts="1589888710224" s="true" lb="Check table &quot;Example_info&quot; for data existing " rc="200" rm="OK" tn="Tests 1-1" dt="text" de="UTF-8" by="15" sby="0" sc="1" ec="0" ng="1" na="1" hn="EPBYMINW9414">
  <assertionResult>
    <name>Response Assertion</name>
    <failure>false</failure>
    <error>false</error>
  </assertionResult>
  <responseHeader class="java.lang.String">shared:false, driver:org.sqlite.JDBC, url:jdbc:sqlite:/PycharmProjects/read_files/library.db, user:null</responseHeader>
  <requestHeader class="java.lang.String"></requestHeader>
  <responseData class="java.lang.String">count(*)
62547
</responseData>
  <responseFile class="java.lang.String"></responseFile>
  <samplerData class="java.lang.String">[Select Statement] Select count(*) From &quot;Example_info&quot;

</samplerData>
</sample>

<sample t="3" it="0" lt="3" ct="2" ts="1589889197720" s="true" lb="Check table &quot;Example_info&quot; for data existing " rc="200" rm="OK" tn="Tests 1-1" dt="text" de="UTF-8" by="15" sby="0" sc="1" ec="0" ng="1" na="1" hn="EPBYMINW9414">
  <assertionResult>
    <name>Response Assertion</name>
    <failure>false</failure>
    <error>false</error>
  </assertionResult>
  <responseHeader class="java.lang.String">shared:false, driver:org.sqlite.JDBC, url:jdbc:sqlite:/PycharmProjects/read_files/library.db, user:null</responseHeader>
  <requestHeader class="java.lang.String"></requestHeader>
  <responseData class="java.lang.String">count(*)
62547
</responseData>
  <responseFile class="java.lang.String"></responseFile>
  <samplerData class="java.lang.String">[Select Statement] Select count(*) From &quot;Example_info&quot;

</samplerData>
</sample>

<sample t="7" it="0" lt="7" ct="4" ts="1589923652044" s="true" lb="Check table &quot;Example_info&quot; for data existing " rc="200" rm="OK" tn="Tests 1-1" dt="text" de="UTF-8" by="15" sby="0" sc="1" ec="0" ng="1" na="1" hn="EPBYMINW9414">
  <assertionResult>
    <name>Response Assertion</name>
    <failure>false</failure>
    <error>false</error>
  </assertionResult>
  <responseHeader class="java.lang.String">shared:false, driver:org.sqlite.JDBC, url:jdbc:sqlite:/PycharmProjects/read_files/library.db, user:null</responseHeader>
  <requestHeader class="java.lang.String"></requestHeader>
  <responseData class="java.lang.String">count(*)
62547
</responseData>
  <responseFile class="java.lang.String"></responseFile>
  <samplerData class="java.lang.String">[Select Statement] Select count(*) From &quot;Example_info&quot;

</samplerData>
</sample>

<sample t="4" it="0" lt="4" ct="2" ts="1589955521462" s="true" lb="Check table &quot;Example_info&quot; for data existing " rc="200" rm="OK" tn="Tests 1-1" dt="text" de="UTF-8" by="15" sby="0" sc="1" ec="0" ng="1" na="1" hn="EPBYMINW9414">
  <assertionResult>
    <name>Response Assertion</name>
    <failure>false</failure>
    <error>false</error>
  </assertionResult>
  <responseHeader class="java.lang.String">shared:false, driver:org.sqlite.JDBC, url:jdbc:sqlite:/PycharmProjects/read_files/library.db, user:null</responseHeader>
  <requestHeader class="java.lang.String"></requestHeader>
  <responseData class="java.lang.String">count(*)
62547
</responseData>
  <responseFile class="java.lang.String"></responseFile>
  <samplerData class="java.lang.String">[Select Statement] Select count(*) From &quot;Example_info&quot;

</samplerData>
</sample>

<sample t="4" it="0" lt="4" ct="2" ts="1589955556220" s="true" lb="Check table &quot;Example_info&quot; for data existing " rc="200" rm="OK" tn="Tests 1-1" dt="text" de="UTF-8" by="15" sby="0" sc="1" ec="0" ng="1" na="1" hn="EPBYMINW9414">
  <assertionResult>
    <name>Response Assertion</name>
    <failure>false</failure>
    <error>false</error>
  </assertionResult>
  <responseHeader class="java.lang.String">shared:false, driver:org.sqlite.JDBC, url:jdbc:sqlite:/PycharmProjects/read_files/library.db, user:null</responseHeader>
  <requestHeader class="java.lang.String"></requestHeader>
  <responseData class="java.lang.String">count(*)
62547
</responseData>
  <responseFile class="java.lang.String"></responseFile>
  <samplerData class="java.lang.String">[Select Statement] Select count(*) From &quot;Example_info&quot;

</samplerData>
</sample>

<sample t="4" it="0" lt="4" ct="2" ts="1589956640986" s="true" lb="Check table &quot;Example_info&quot; for data existing " rc="200" rm="OK" tn="Tests 1-1" dt="text" de="UTF-8" by="15" sby="0" sc="1" ec="0" ng="1" na="1" hn="EPBYMINW9414">
  <assertionResult>
    <name>Response Assertion</name>
    <failure>false</failure>
    <error>false</error>
  </assertionResult>
  <responseHeader class="java.lang.String">shared:false, driver:org.sqlite.JDBC, url:jdbc:sqlite:/PycharmProjects/read_files/library.db, user:null</responseHeader>
  <requestHeader class="java.lang.String"></requestHeader>
  <responseData class="java.lang.String">count(*)
62547
</responseData>
  <responseFile class="java.lang.String"></responseFile>
  <samplerData class="java.lang.String">[Select Statement] Select count(*) From &quot;Example_info&quot;

</samplerData>
</sample>

<sample t="6" it="0" lt="5" ct="3" ts="1589962387476" s="true" lb="Check table &quot;Example_info&quot; for data existing " rc="200" rm="OK" tn="Tests 1-1" dt="text" de="UTF-8" by="15" sby="0" sc="1" ec="0" ng="1" na="1" hn="EPBYMINW9414">
  <assertionResult>
    <name>Response Assertion</name>
    <failure>false</failure>
    <error>false</error>
  </assertionResult>
  <responseHeader class="java.lang.String">shared:false, driver:org.sqlite.JDBC, url:jdbc:sqlite:/PycharmProjects/read_files/library.db, user:null</responseHeader>
  <requestHeader class="java.lang.String"></requestHeader>
  <responseData class="java.lang.String">count(*)
62547
</responseData>
  <responseFile class="java.lang.String"></responseFile>
  <samplerData class="java.lang.String">[Select Statement] Select count(*) From &quot;Example_info&quot;

</samplerData>
</sample>

<sample t="3" it="0" lt="3" ct="2" ts="1589962420172" s="true" lb="Check table &quot;Example_info&quot; for data existing " rc="200" rm="OK" tn="Tests 1-1" dt="text" de="UTF-8" by="15" sby="0" sc="1" ec="0" ng="1" na="1" hn="EPBYMINW9414">
  <assertionResult>
    <name>Response Assertion</name>
    <failure>false</failure>
    <error>false</error>
  </assertionResult>
  <responseHeader class="java.lang.String">shared:false, driver:org.sqlite.JDBC, url:jdbc:sqlite:/PycharmProjects/read_files/library.db, user:null</responseHeader>
  <requestHeader class="java.lang.String"></requestHeader>
  <responseData class="java.lang.String">count(*)
62547
</responseData>
  <responseFile class="java.lang.String"></responseFile>
  <samplerData class="java.lang.String">[Select Statement] Select count(*) From &quot;Example_info&quot;

</samplerData>
</sample>

<sample t="3" it="0" lt="3" ct="2" ts="1589962484553" s="true" lb="Check table &quot;Example_info&quot; for data existing " rc="200" rm="OK" tn="Tests 1-1" dt="text" de="UTF-8" by="15" sby="0" sc="1" ec="0" ng="1" na="1" hn="EPBYMINW9414">
  <assertionResult>
    <name>Response Assertion</name>
    <failure>false</failure>
    <error>false</error>
  </assertionResult>
  <responseHeader class="java.lang.String">shared:false, driver:org.sqlite.JDBC, url:jdbc:sqlite:/PycharmProjects/read_files/library.db, user:null</responseHeader>
  <requestHeader class="java.lang.String"></requestHeader>
  <responseData class="java.lang.String">count(*)
62547
</responseData>
  <responseFile class="java.lang.String"></responseFile>
  <samplerData class="java.lang.String">[Select Statement] Select count(*) From &quot;Example_info&quot;

</samplerData>
</sample>

<sample t="6" it="0" lt="6" ct="3" ts="1590003878271" s="true" lb="Check table &quot;Example_info&quot; for data existing " rc="200" rm="OK" tn="Tests 1-1" dt="text" de="UTF-8" by="15" sby="0" sc="1" ec="0" ng="1" na="1" hn="EPBYMINW9414">
  <assertionResult>
    <name>Response Assertion</name>
    <failure>false</failure>
    <error>false</error>
  </assertionResult>
  <responseHeader class="java.lang.String">shared:false, driver:org.sqlite.JDBC, url:jdbc:sqlite:/PycharmProjects/read_files/library.db, user:null</responseHeader>
  <requestHeader class="java.lang.String"></requestHeader>
  <responseData class="java.lang.String">count(*)
62547
</responseData>
  <responseFile class="java.lang.String"></responseFile>
  <samplerData class="java.lang.String">[Select Statement] Select count(*) From &quot;Example_info&quot;

</samplerData>
</sample>

<sample t="3" it="0" lt="3" ct="1" ts="1590003921868" s="true" lb="Check table &quot;Example_info&quot; for data existing " rc="200" rm="OK" tn="Tests 1-1" dt="text" de="UTF-8" by="15" sby="0" sc="1" ec="0" ng="1" na="1" hn="EPBYMINW9414">
  <assertionResult>
    <name>Response Assertion</name>
    <failure>false</failure>
    <error>false</error>
  </assertionResult>
  <responseHeader class="java.lang.String">shared:false, driver:org.sqlite.JDBC, url:jdbc:sqlite:/PycharmProjects/read_files/library.db, user:null</responseHeader>
  <requestHeader class="java.lang.String"></requestHeader>
  <responseData class="java.lang.String">count(*)
62547
</responseData>
  <responseFile class="java.lang.String"></responseFile>
  <samplerData class="java.lang.String">[Select Statement] Select count(*) From &quot;Example_info&quot;

</samplerData>
</sample>

</testResults>
